# JRE version: OpenJDK Runtime Environment (11.0.12+7) (build 11.0.12+7-b1504.28-7817840)
# Java VM: OpenJDK 64-Bit Server VM (11.0.12+7-b1504.28-7817840, mixed mode, tiered, compressed oops, g1 gc, windows-amd64)
Heap:
 garbage-first heap   total 334848K, used 206606K [0x0000000080000000, 0x0000000100000000)
  region size 1024K, 93 young (95232K), 12 survivors (12288K)
 Metaspace       used 120953K, capacity 124496K, committed 124800K, reserved 1157120K
  class space    used 15516K, capacity 16949K, committed 17024K, reserved 1048576K
GC Heap History (20 events):
Event: 20.716 GC heap before
{Heap before GC invocations=30 (full 0):
 garbage-first heap   total 278528K, used 204336K [0x0000000080000000, 0x0000000100000000)
  region size 1024K, 54 young (55296K), 6 survivors (6144K)
 Metaspace       used 96766K, capacity 99233K, committed 99584K, reserved 1134592K
  class space    used 12744K, capacity 13723K, committed 13824K, reserved 1048576K
}
Event: 20.732 GC heap after
{Heap after GC invocations=31 (full 0):
 garbage-first heap   total 278528K, used 163002K [0x0000000080000000, 0x0000000100000000)
  region size 1024K, 7 young (7168K), 7 survivors (7168K)
 Metaspace       used 96766K, capacity 99233K, committed 99584K, reserved 1134592K
  class space    used 12744K, capacity 13723K, committed 13824K, reserved 1048576K
}
Event: 21.323 GC heap before
{Heap before GC invocations=32 (full 0):
 garbage-first heap   total 278528K, used 209082K [0x0000000080000000, 0x0000000100000000)
  region size 1024K, 52 young (53248K), 7 survivors (7168K)
 Metaspace       used 97810K, capacity 100350K, committed 100480K, reserved 1136640K
  class space    used 12854K, capacity 13844K, committed 13952K, reserved 1048576K
}
Event: 21.337 GC heap after
{Heap after GC invocations=33 (full 0):
 garbage-first heap   total 278528K, used 166267K [0x0000000080000000, 0x0000000100000000)
  region size 1024K, 4 young (4096K), 4 survivors (4096K)
 Metaspace       used 97810K, capacity 100350K, committed 100480K, reserved 1136640K
  class space    used 12854K, capacity 13844K, committed 13952K, reserved 1048576K
}
Event: 21.838 GC heap before
{Heap before GC invocations=33 (full 0):
 garbage-first heap   total 278528K, used 212347K [0x0000000080000000, 0x0000000100000000)
  region size 1024K, 50 young (51200K), 4 survivors (4096K)
 Metaspace       used 98571K, capacity 101180K, committed 101248K, reserved 1136640K
  class space    used 12945K, capacity 13927K, committed 13952K, reserved 1048576K
}
Event: 21.845 GC heap after
{Heap after GC invocations=34 (full 0):
 garbage-first heap   total 278528K, used 166057K [0x0000000080000000, 0x0000000100000000)
  region size 1024K, 4 young (4096K), 4 survivors (4096K)
 Metaspace       used 98571K, capacity 101180K, committed 101248K, reserved 1136640K
  class space    used 12945K, capacity 13927K, committed 13952K, reserved 1048576K
}
Event: 22.325 GC heap before
{Heap before GC invocations=35 (full 0):
 garbage-first heap   total 278528K, used 200873K [0x0000000080000000, 0x0000000100000000)
  region size 1024K, 53 young (54272K), 4 survivors (4096K)
 Metaspace       used 98683K, capacity 101308K, committed 101504K, reserved 1136640K
  class space    used 12950K, capacity 13927K, committed 13952K, reserved 1048576K
}
Event: 22.331 GC heap after
{Heap after GC invocations=36 (full 0):
 garbage-first heap   total 278528K, used 150934K [0x0000000080000000, 0x0000000100000000)
  region size 1024K, 4 young (4096K), 4 survivors (4096K)
 Metaspace       used 98683K, capacity 101308K, committed 101504K, reserved 1136640K
  class space    used 12950K, capacity 13927K, committed 13952K, reserved 1048576K
}
Event: 22.405 GC heap before
{Heap before GC invocations=36 (full 0):
 garbage-first heap   total 278528K, used 160150K [0x0000000080000000, 0x0000000100000000)
  region size 1024K, 13 young (13312K), 4 survivors (4096K)
 Metaspace       used 98684K, capacity 101308K, committed 101504K, reserved 1136640K
  class space    used 12950K, capacity 13927K, committed 13952K, reserved 1048576K
}
Event: 22.417 GC heap after
{Heap after GC invocations=37 (full 0):
 garbage-first heap   total 278528K, used 123022K [0x0000000080000000, 0x0000000100000000)
  region size 1024K, 1 young (1024K), 1 survivors (1024K)
 Metaspace       used 98684K, capacity 101308K, committed 101504K, reserved 1136640K
  class space    used 12950K, capacity 13927K, committed 13952K, reserved 1048576K
}
Event: 22.501 GC heap before
{Heap before GC invocations=37 (full 0):
 garbage-first heap   total 278528K, used 135310K [0x0000000080000000, 0x0000000100000000)
  region size 1024K, 13 young (13312K), 1 survivors (1024K)
 Metaspace       used 98684K, capacity 101308K, committed 101504K, reserved 1136640K
  class space    used 12950K, capacity 13927K, committed 13952K, reserved 1048576K
}
Event: 22.513 GC heap after
{Heap after GC invocations=38 (full 0):
 garbage-first heap   total 278528K, used 109610K [0x0000000080000000, 0x0000000100000000)
  region size 1024K, 1 young (1024K), 1 survivors (1024K)
 Metaspace       used 98684K, capacity 101308K, committed 101504K, reserved 1136640K
  class space    used 12950K, capacity 13927K, committed 13952K, reserved 1048576K
}
Event: 22.950 GC heap before
{Heap before GC invocations=38 (full 0):
 garbage-first heap   total 278528K, used 191530K [0x0000000080000000, 0x0000000100000000)
  region size 1024K, 81 young (82944K), 1 survivors (1024K)
 Metaspace       used 98689K, capacity 101308K, committed 101504K, reserved 1136640K
  class space    used 12950K, capacity 13927K, committed 13952K, reserved 1048576K
}
Event: 22.957 GC heap after
{Heap after GC invocations=39 (full 0):
 garbage-first heap   total 334848K, used 109936K [0x0000000080000000, 0x0000000100000000)
  region size 1024K, 1 young (1024K), 1 survivors (1024K)
 Metaspace       used 98689K, capacity 101308K, committed 101504K, reserved 1136640K
  class space    used 12950K, capacity 13927K, committed 13952K, reserved 1048576K
}
Event: 25.589 GC heap before
{Heap before GC invocations=39 (full 0):
 garbage-first heap   total 334848K, used 223600K [0x0000000080000000, 0x0000000100000000)
  region size 1024K, 110 young (112640K), 1 survivors (1024K)
 Metaspace       used 108153K, capacity 110869K, committed 110976K, reserved 1144832K
  class space    used 14073K, capacity 15130K, committed 15232K, reserved 1048576K
}
Event: 25.595 GC heap after
{Heap after GC invocations=40 (full 0):
 garbage-first heap   total 334848K, used 112610K [0x0000000080000000, 0x0000000100000000)
  region size 1024K, 4 young (4096K), 4 survivors (4096K)
 Metaspace       used 108153K, capacity 110869K, committed 110976K, reserved 1144832K
  class space    used 14073K, capacity 15130K, committed 15232K, reserved 1048576K
}
Event: 27.602 GC heap before
{Heap before GC invocations=40 (full 0):
 garbage-first heap   total 334848K, used 265186K [0x0000000080000000, 0x0000000100000000)
  region size 1024K, 144 young (147456K), 4 survivors (4096K)
 Metaspace       used 114909K, capacity 118312K, committed 118528K, reserved 1150976K
  class space    used 14953K, capacity 16333K, committed 16384K, reserved 1048576K
}
Event: 27.611 GC heap after
{Heap after GC invocations=41 (full 0):
 garbage-first heap   total 334848K, used 118254K [0x0000000080000000, 0x0000000100000000)
  region size 1024K, 6 young (6144K), 6 survivors (6144K)
 Metaspace       used 114909K, capacity 118312K, committed 118528K, reserved 1150976K
  class space    used 14953K, capacity 16333K, committed 16384K, reserved 1048576K
}
Event: 92.346 GC heap before
{Heap before GC invocations=41 (full 0):
 garbage-first heap   total 334848K, used 293358K [0x0000000080000000, 0x0000000100000000)
  region size 1024K, 148 young (151552K), 6 survivors (6144K)
 Metaspace       used 120495K, capacity 124046K, committed 124288K, reserved 1157120K
  class space    used 15493K, capacity 16919K, committed 17024K, reserved 1048576K
}
Event: 92.363 GC heap after
{Heap after GC invocations=42 (full 0):
 garbage-first heap   total 334848K, used 118542K [0x0000000080000000, 0x0000000100000000)
  region size 1024K, 12 young (12288K), 12 survivors (12288K)
 Metaspace       used 120495K, capacity 124046K, committed 124288K, reserved 1157120K
  class space    used 15493K, capacity 16919K, committed 17024K, reserved 1048576K
}

