# JRE version: OpenJDK Runtime Environment (11.0.12+7) (build 11.0.12+7-b1504.28-7817840)
# Java VM: OpenJDK 64-Bit Server VM (11.0.12+7-b1504.28-7817840, mixed mode, tiered, compressed oops, g1 gc, windows-amd64)
Heap:
 garbage-first heap   total 576512K, used 202372K [0x0000000080000000, 0x0000000100000000)
  region size 1024K, 3 young (3072K), 3 survivors (3072K)
 Metaspace       used 127878K, capacity 131016K, committed 131148K, reserved 1163264K
  class space    used 16164K, capacity 17380K, committed 17484K, reserved 1048576K
GC Heap History (20 events):
Event: 7949.561 GC heap after
{Heap after GC invocations=61 (full 0):
 garbage-first heap   total 225280K, used 133463K [0x0000000080000000, 0x0000000100000000)
  region size 1024K, 6 young (6144K), 6 survivors (6144K)
 Metaspace       used 113726K, capacity 116329K, committed 116684K, reserved 1150976K
  class space    used 14185K, capacity 15171K, committed 15308K, reserved 1048576K
}
Event: 7950.171 GC heap before
{Heap before GC invocations=62 (full 0):
 garbage-first heap   total 225280K, used 178519K [0x0000000080000000, 0x0000000100000000)
  region size 1024K, 52 young (53248K), 6 survivors (6144K)
 Metaspace       used 115623K, capacity 118146K, committed 118348K, reserved 1153024K
  class space    used 14398K, capacity 15369K, committed 15436K, reserved 1048576K
}
Event: 7950.180 GC heap after
{Heap after GC invocations=63 (full 0):
 garbage-first heap   total 225280K, used 131297K [0x0000000080000000, 0x0000000100000000)
  region size 1024K, 4 young (4096K), 4 survivors (4096K)
 Metaspace       used 115623K, capacity 118146K, committed 118348K, reserved 1153024K
  class space    used 14398K, capacity 15369K, committed 15436K, reserved 1048576K
}
Event: 7950.255 GC heap before
{Heap before GC invocations=63 (full 0):
 garbage-first heap   total 225280K, used 137441K [0x0000000080000000, 0x0000000100000000)
  region size 1024K, 11 young (11264K), 4 survivors (4096K)
 Metaspace       used 115763K, capacity 118321K, committed 118604K, reserved 1153024K
  class space    used 14412K, capacity 15406K, committed 15436K, reserved 1048576K
}
Event: 7950.274 GC heap after
{Heap after GC invocations=64 (full 0):
 garbage-first heap   total 270336K, used 122403K [0x0000000080000000, 0x0000000100000000)
  region size 1024K, 1 young (1024K), 1 survivors (1024K)
 Metaspace       used 115763K, capacity 118321K, committed 118604K, reserved 1153024K
  class space    used 14412K, capacity 15406K, committed 15436K, reserved 1048576K
}
Event: 7950.753 GC heap before
{Heap before GC invocations=64 (full 0):
 garbage-first heap   total 270336K, used 179747K [0x0000000080000000, 0x0000000100000000)
  region size 1024K, 59 young (60416K), 1 survivors (1024K)
 Metaspace       used 117156K, capacity 119805K, committed 120140K, reserved 1153024K
  class space    used 14580K, capacity 15583K, committed 15692K, reserved 1048576K
}
Event: 7950.773 GC heap after
{Heap after GC invocations=65 (full 0):
 garbage-first heap   total 270336K, used 126129K [0x0000000080000000, 0x0000000100000000)
  region size 1024K, 5 young (5120K), 5 survivors (5120K)
 Metaspace       used 117156K, capacity 119805K, committed 120140K, reserved 1153024K
  class space    used 14580K, capacity 15583K, committed 15692K, reserved 1048576K
}
Event: 7951.450 GC heap before
{Heap before GC invocations=66 (full 0):
 garbage-first heap   total 270336K, used 203953K [0x0000000080000000, 0x0000000100000000)
  region size 1024K, 78 young (79872K), 5 survivors (5120K)
 Metaspace       used 119673K, capacity 122460K, committed 122828K, reserved 1157120K
  class space    used 14925K, capacity 15963K, committed 16076K, reserved 1048576K
}
Event: 7951.466 GC heap after
{Heap after GC invocations=67 (full 0):
 garbage-first heap   total 270336K, used 136112K [0x0000000080000000, 0x0000000100000000)
  region size 1024K, 10 young (10240K), 10 survivors (10240K)
 Metaspace       used 119673K, capacity 122460K, committed 122828K, reserved 1157120K
  class space    used 14925K, capacity 15963K, committed 16076K, reserved 1048576K
}
Event: 7951.771 GC heap before
{Heap before GC invocations=68 (full 0):
 garbage-first heap   total 270336K, used 156592K [0x0000000080000000, 0x0000000100000000)
  region size 1024K, 25 young (25600K), 10 survivors (10240K)
 Metaspace       used 121283K, capacity 124101K, committed 124364K, reserved 1157120K
  class space    used 15148K, capacity 16203K, committed 16332K, reserved 1048576K
}
Event: 7951.782 GC heap after
{Heap after GC invocations=69 (full 0):
 garbage-first heap   total 270336K, used 138566K [0x0000000080000000, 0x0000000100000000)
  region size 1024K, 2 young (2048K), 2 survivors (2048K)
 Metaspace       used 121283K, capacity 124101K, committed 124364K, reserved 1157120K
  class space    used 15148K, capacity 16203K, committed 16332K, reserved 1048576K
}
Event: 7952.805 GC heap before
{Heap before GC invocations=70 (full 0):
 garbage-first heap   total 270336K, used 219462K [0x0000000080000000, 0x0000000100000000)
  region size 1024K, 76 young (77824K), 2 survivors (2048K)
 Metaspace       used 123950K, capacity 126828K, committed 126924K, reserved 1159168K
  class space    used 15647K, capacity 16754K, committed 16844K, reserved 1048576K
}
Event: 7952.849 GC heap after
{Heap after GC invocations=71 (full 0):
 garbage-first heap   total 362496K, used 171624K [0x0000000080000000, 0x0000000100000000)
  region size 1024K, 10 young (10240K), 10 survivors (10240K)
 Metaspace       used 123950K, capacity 126828K, committed 126924K, reserved 1159168K
  class space    used 15647K, capacity 16754K, committed 16844K, reserved 1048576K
}
Event: 7954.285 GC heap before
{Heap before GC invocations=71 (full 0):
 garbage-first heap   total 362496K, used 256616K [0x0000000080000000, 0x0000000100000000)
  region size 1024K, 94 young (96256K), 10 survivors (10240K)
 Metaspace       used 127332K, capacity 130553K, committed 130764K, reserved 1163264K
  class space    used 16103K, capacity 17317K, committed 17356K, reserved 1048576K
}
Event: 7954.346 GC heap after
{Heap after GC invocations=72 (full 0):
 garbage-first heap   total 362496K, used 187392K [0x0000000080000000, 0x0000000100000000)
  region size 1024K, 12 young (12288K), 12 survivors (12288K)
 Metaspace       used 127332K, capacity 130553K, committed 130764K, reserved 1163264K
  class space    used 16103K, capacity 17317K, committed 17356K, reserved 1048576K
}
Event: 7955.821 GC heap before
{Heap before GC invocations=73 (full 0):
 garbage-first heap   total 362496K, used 270336K [0x0000000080000000, 0x0000000100000000)
  region size 1024K, 91 young (93184K), 12 survivors (12288K)
 Metaspace       used 127878K, capacity 131016K, committed 131148K, reserved 1163264K
  class space    used 16164K, capacity 17380K, committed 17484K, reserved 1048576K
}
Event: 7955.859 GC heap after
{Heap after GC invocations=74 (full 0):
 garbage-first heap   total 362496K, used 200972K [0x0000000080000000, 0x0000000100000000)
  region size 1024K, 11 young (11264K), 11 survivors (11264K)
 Metaspace       used 127878K, capacity 131016K, committed 131148K, reserved 1163264K
  class space    used 16164K, capacity 17380K, committed 17484K, reserved 1048576K
}
Event: 7955.875 GC heap before
{Heap before GC invocations=74 (full 0):
 garbage-first heap   total 362496K, used 207116K [0x0000000080000000, 0x0000000100000000)
  region size 1024K, 17 young (17408K), 11 survivors (11264K)
 Metaspace       used 127878K, capacity 131016K, committed 131148K, reserved 1163264K
  class space    used 16164K, capacity 17380K, committed 17484K, reserved 1048576K
}
Event: 7955.895 GC heap after
{Heap after GC invocations=75 (full 0):
 garbage-first heap   total 362496K, used 201572K [0x0000000080000000, 0x0000000100000000)
  region size 1024K, 2 young (2048K), 2 survivors (2048K)
 Metaspace       used 127878K, capacity 131016K, committed 131148K, reserved 1163264K
  class space    used 16164K, capacity 17380K, committed 17484K, reserved 1048576K
}
Event: 7955.907 GC heap before
{Heap before GC invocations=75 (full 0):
 garbage-first heap   total 362496K, used 205668K [0x0000000080000000, 0x0000000100000000)
  region size 1024K, 7 young (7168K), 2 survivors (2048K)
 Metaspace       used 127878K, capacity 131016K, committed 131148K, reserved 1163264K
  class space    used 16164K, capacity 17380K, committed 17484K, reserved 1048576K
}

